2020-01-21 16:42:49,106 INFO  [Log] ********Start Execution********** 
2020-01-21 16:43:03,358 INFO  [Log] ********Application Opened********** 
2020-01-21 16:43:59,206 INFO  [Log] ********Start Execution********** 
2020-01-21 16:44:13,945 INFO  [Log] ********Application Opened********** 
2020-01-21 16:44:20,561 INFO  [Log] ********Login Completed********** 
2020-01-21 16:44:32,711 INFO  [Log] ********Logout Successfully********** 
2020-01-21 16:44:32,742 INFO  [Log] ********Application closed********** 
2020-01-21 16:44:32,742 INFO  [Log] ********End Execution********** 
2020-01-22 15:58:02,660 INFO  [Log] ********Start Execution********** 
2020-01-22 15:58:14,639 INFO  [Log] ********Application Opened********** 
2020-01-22 15:58:17,787 INFO  [Log] ********Login Completed********** 
2020-01-22 15:58:27,820 INFO  [Log] ********Logout Successfully********** 
2020-01-22 15:58:27,870 INFO  [Log] ********Application closed********** 
2020-01-22 15:58:27,870 INFO  [Log] ********End Execution********** 
2020-01-22 16:02:14,877 INFO  [Log] ********Start Execution********** 
2020-01-22 16:02:27,784 INFO  [Log] ********Application Opened********** 
2020-01-22 16:02:31,283 INFO  [Log] ********Login Completed********** 
2020-01-22 16:02:41,112 INFO  [Log] ********Logout Successfully********** 
2020-01-22 16:02:41,148 INFO  [Log] ********Application closed********** 
2020-01-22 16:02:41,148 INFO  [Log] ********End Execution********** 
2020-01-22 16:23:37,328 INFO  [Log] ********Start Execution********** 
2020-01-22 16:23:48,500 INFO  [Log] ********Application Opened********** 
2020-01-22 16:23:51,836 INFO  [Log] ********Login Completed********** 
2020-01-22 16:24:01,775 INFO  [Log] ********Logout Successfully********** 
2020-01-22 16:24:01,831 INFO  [Log] ********Application closed********** 
2020-01-22 16:24:01,831 INFO  [Log] ********End Execution********** 
2020-01-23 16:20:42,208 INFO  [Log] ********Start Execution********** 
2020-01-23 16:20:54,733 INFO  [Log] ********Application Opened********** 
2020-01-23 16:20:58,136 INFO  [Log] ********Login Completed********** 
2020-01-23 16:21:07,701 INFO  [Log] ********Logout Successfully********** 
2020-01-23 16:21:07,729 INFO  [Log] ********Application closed********** 
2020-01-23 16:21:07,730 INFO  [Log] ********End Execution********** 
2020-01-23 16:34:30,200 INFO  [Log] ********Start Execution********** 
2020-01-23 16:34:42,089 INFO  [Log] ********Application Opened********** 
2020-01-23 16:34:45,560 INFO  [Log] ********Login Completed********** 
2020-01-23 16:34:55,065 INFO  [Log] ********Logout Successfully********** 
2020-01-23 16:34:55,092 INFO  [Log] ********Application closed********** 
2020-01-23 16:34:55,092 INFO  [Log] ********End Execution********** 
